04-28 14:19:11 com_github_MitjaNemec_PlaceFootprints.action_place_footprints 656:Plugin executed on: 'win32'
04-28 14:19:11 com_github_MitjaNemec_PlaceFootprints.action_place_footprints 657:Plugin executed with python version: '3.11.5 (main, Aug 14 2024, 05:26:19) [MSC v.1939 64 bit (AMD64)]'
04-28 14:19:11 com_github_MitjaNemec_PlaceFootprints.action_place_footprints 658:KiCad build version: 8.0.6
04-28 14:19:11 com_github_MitjaNemec_PlaceFootprints.action_place_footprints 659:Plugin version: 3.0.1
04-28 14:19:11 com_github_MitjaNemec_PlaceFootprints.action_place_footprints 660:Frame repr: <wx._core.Frame object at 0x0000024F45B1F520>
04-28 14:19:11 com_github_MitjaNemec_PlaceFootprints.place_footprints 121:getting a list of all footprints on board
04-28 14:19:11 com_github_MitjaNemec_PlaceFootprints.place_footprints 156:Footprint H32 on root level
04-28 14:19:11 com_github_MitjaNemec_PlaceFootprints.place_footprints 156:Footprint H31 on root level
04-28 14:19:11 com_github_MitjaNemec_PlaceFootprints.place_footprints 156:Footprint H30 on root level
04-28 14:19:11 com_github_MitjaNemec_PlaceFootprints.place_footprints 156:Footprint H29 on root level
04-28 14:19:11 com_github_MitjaNemec_PlaceFootprints.place_footprints 156:Footprint H28 on root level
04-28 14:19:11 com_github_MitjaNemec_PlaceFootprints.place_footprints 156:Footprint H27 on root level
04-28 14:19:11 com_github_MitjaNemec_PlaceFootprints.place_footprints 156:Footprint H26 on root level
04-28 14:19:11 com_github_MitjaNemec_PlaceFootprints.place_footprints 156:Footprint H25 on root level
04-28 14:19:11 com_github_MitjaNemec_PlaceFootprints.place_footprints 156:Footprint H24 on root level
04-28 14:19:11 com_github_MitjaNemec_PlaceFootprints.place_footprints 156:Footprint H23 on root level
04-28 14:19:11 com_github_MitjaNemec_PlaceFootprints.place_footprints 156:Footprint H22 on root level
04-28 14:19:11 com_github_MitjaNemec_PlaceFootprints.place_footprints 156:Footprint H21 on root level
04-28 14:19:11 com_github_MitjaNemec_PlaceFootprints.place_footprints 156:Footprint H20 on root level
04-28 14:19:11 com_github_MitjaNemec_PlaceFootprints.place_footprints 156:Footprint H19 on root level
04-28 14:19:11 com_github_MitjaNemec_PlaceFootprints.place_footprints 156:Footprint H18 on root level
04-28 14:19:11 com_github_MitjaNemec_PlaceFootprints.place_footprints 156:Footprint H17 on root level
04-28 14:19:11 com_github_MitjaNemec_PlaceFootprints.place_footprints 156:Footprint H16 on root level
04-28 14:19:11 com_github_MitjaNemec_PlaceFootprints.place_footprints 156:Footprint H15 on root level
04-28 14:19:11 com_github_MitjaNemec_PlaceFootprints.place_footprints 156:Footprint H14 on root level
04-28 14:19:11 com_github_MitjaNemec_PlaceFootprints.place_footprints 156:Footprint H13 on root level
04-28 14:19:11 com_github_MitjaNemec_PlaceFootprints.place_footprints 156:Footprint H12 on root level
04-28 14:19:11 com_github_MitjaNemec_PlaceFootprints.place_footprints 156:Footprint H11 on root level
04-28 14:19:11 com_github_MitjaNemec_PlaceFootprints.place_footprints 156:Footprint H10 on root level
04-28 14:19:11 com_github_MitjaNemec_PlaceFootprints.place_footprints 156:Footprint H9 on root level
04-28 14:19:11 com_github_MitjaNemec_PlaceFootprints.place_footprints 156:Footprint H8 on root level
04-28 14:19:11 com_github_MitjaNemec_PlaceFootprints.place_footprints 156:Footprint H7 on root level
04-28 14:19:11 com_github_MitjaNemec_PlaceFootprints.place_footprints 156:Footprint H6 on root level
04-28 14:19:11 com_github_MitjaNemec_PlaceFootprints.place_footprints 156:Footprint H5 on root level
04-28 14:19:11 com_github_MitjaNemec_PlaceFootprints.place_footprints 156:Footprint H4 on root level
04-28 14:19:11 com_github_MitjaNemec_PlaceFootprints.place_footprints 156:Footprint H3 on root level
04-28 14:19:11 com_github_MitjaNemec_PlaceFootprints.place_footprints 156:Footprint H2 on root level
04-28 14:19:11 com_github_MitjaNemec_PlaceFootprints.place_footprints 156:Footprint H1 on root level
04-28 14:19:11 com_github_MitjaNemec_PlaceFootprints.place_footprints 156:Footprint D64 on root level
04-28 14:19:11 com_github_MitjaNemec_PlaceFootprints.place_footprints 156:Footprint D63 on root level
04-28 14:19:11 com_github_MitjaNemec_PlaceFootprints.place_footprints 156:Footprint D62 on root level
04-28 14:19:11 com_github_MitjaNemec_PlaceFootprints.place_footprints 156:Footprint D61 on root level
04-28 14:19:11 com_github_MitjaNemec_PlaceFootprints.place_footprints 156:Footprint D60 on root level
04-28 14:19:11 com_github_MitjaNemec_PlaceFootprints.place_footprints 156:Footprint D59 on root level
04-28 14:19:11 com_github_MitjaNemec_PlaceFootprints.place_footprints 156:Footprint D58 on root level
04-28 14:19:11 com_github_MitjaNemec_PlaceFootprints.place_footprints 156:Footprint D57 on root level
04-28 14:19:11 com_github_MitjaNemec_PlaceFootprints.place_footprints 156:Footprint D56 on root level
04-28 14:19:11 com_github_MitjaNemec_PlaceFootprints.place_footprints 156:Footprint D55 on root level
04-28 14:19:11 com_github_MitjaNemec_PlaceFootprints.place_footprints 156:Footprint D54 on root level
04-28 14:19:11 com_github_MitjaNemec_PlaceFootprints.place_footprints 156:Footprint D53 on root level
04-28 14:19:11 com_github_MitjaNemec_PlaceFootprints.place_footprints 156:Footprint D52 on root level
04-28 14:19:11 com_github_MitjaNemec_PlaceFootprints.place_footprints 156:Footprint D51 on root level
04-28 14:19:11 com_github_MitjaNemec_PlaceFootprints.place_footprints 156:Footprint D50 on root level
04-28 14:19:11 com_github_MitjaNemec_PlaceFootprints.place_footprints 156:Footprint D49 on root level
04-28 14:19:11 com_github_MitjaNemec_PlaceFootprints.place_footprints 156:Footprint D48 on root level
04-28 14:19:11 com_github_MitjaNemec_PlaceFootprints.place_footprints 156:Footprint D47 on root level
04-28 14:19:11 com_github_MitjaNemec_PlaceFootprints.place_footprints 156:Footprint D46 on root level
04-28 14:19:11 com_github_MitjaNemec_PlaceFootprints.place_footprints 156:Footprint D45 on root level
04-28 14:19:11 com_github_MitjaNemec_PlaceFootprints.place_footprints 156:Footprint D44 on root level
04-28 14:19:11 com_github_MitjaNemec_PlaceFootprints.place_footprints 156:Footprint D43 on root level
04-28 14:19:11 com_github_MitjaNemec_PlaceFootprints.place_footprints 156:Footprint D42 on root level
04-28 14:19:11 com_github_MitjaNemec_PlaceFootprints.place_footprints 156:Footprint D41 on root level
04-28 14:19:11 com_github_MitjaNemec_PlaceFootprints.place_footprints 156:Footprint D40 on root level
04-28 14:19:11 com_github_MitjaNemec_PlaceFootprints.place_footprints 156:Footprint D39 on root level
04-28 14:19:11 com_github_MitjaNemec_PlaceFootprints.place_footprints 156:Footprint D38 on root level
04-28 14:19:11 com_github_MitjaNemec_PlaceFootprints.place_footprints 156:Footprint D37 on root level
04-28 14:19:11 com_github_MitjaNemec_PlaceFootprints.place_footprints 156:Footprint D36 on root level
04-28 14:19:11 com_github_MitjaNemec_PlaceFootprints.place_footprints 156:Footprint D35 on root level
04-28 14:19:11 com_github_MitjaNemec_PlaceFootprints.place_footprints 156:Footprint D34 on root level
04-28 14:19:11 com_github_MitjaNemec_PlaceFootprints.place_footprints 156:Footprint D33 on root level
04-28 14:19:11 com_github_MitjaNemec_PlaceFootprints.place_footprints 156:Footprint D32 on root level
04-28 14:19:11 com_github_MitjaNemec_PlaceFootprints.place_footprints 156:Footprint D31 on root level
04-28 14:19:11 com_github_MitjaNemec_PlaceFootprints.place_footprints 156:Footprint D30 on root level
04-28 14:19:11 com_github_MitjaNemec_PlaceFootprints.place_footprints 156:Footprint D29 on root level
04-28 14:19:11 com_github_MitjaNemec_PlaceFootprints.place_footprints 156:Footprint D28 on root level
04-28 14:19:11 com_github_MitjaNemec_PlaceFootprints.place_footprints 156:Footprint D27 on root level
04-28 14:19:11 com_github_MitjaNemec_PlaceFootprints.place_footprints 156:Footprint D26 on root level
04-28 14:19:11 com_github_MitjaNemec_PlaceFootprints.place_footprints 156:Footprint D25 on root level
04-28 14:19:11 com_github_MitjaNemec_PlaceFootprints.place_footprints 156:Footprint D24 on root level
04-28 14:19:11 com_github_MitjaNemec_PlaceFootprints.place_footprints 156:Footprint D23 on root level
04-28 14:19:11 com_github_MitjaNemec_PlaceFootprints.place_footprints 156:Footprint D22 on root level
04-28 14:19:11 com_github_MitjaNemec_PlaceFootprints.place_footprints 156:Footprint D21 on root level
04-28 14:19:11 com_github_MitjaNemec_PlaceFootprints.place_footprints 156:Footprint D20 on root level
04-28 14:19:11 com_github_MitjaNemec_PlaceFootprints.place_footprints 156:Footprint D19 on root level
04-28 14:19:11 com_github_MitjaNemec_PlaceFootprints.place_footprints 156:Footprint D18 on root level
04-28 14:19:11 com_github_MitjaNemec_PlaceFootprints.place_footprints 156:Footprint D17 on root level
04-28 14:19:11 com_github_MitjaNemec_PlaceFootprints.place_footprints 156:Footprint D16 on root level
04-28 14:19:11 com_github_MitjaNemec_PlaceFootprints.place_footprints 156:Footprint D15 on root level
04-28 14:19:11 com_github_MitjaNemec_PlaceFootprints.place_footprints 156:Footprint D14 on root level
04-28 14:19:11 com_github_MitjaNemec_PlaceFootprints.place_footprints 156:Footprint D13 on root level
04-28 14:19:11 com_github_MitjaNemec_PlaceFootprints.place_footprints 156:Footprint D12 on root level
04-28 14:19:11 com_github_MitjaNemec_PlaceFootprints.place_footprints 156:Footprint D11 on root level
04-28 14:19:11 com_github_MitjaNemec_PlaceFootprints.place_footprints 156:Footprint D10 on root level
04-28 14:19:11 com_github_MitjaNemec_PlaceFootprints.place_footprints 156:Footprint D9 on root level
04-28 14:19:11 com_github_MitjaNemec_PlaceFootprints.place_footprints 156:Footprint D8 on root level
04-28 14:19:11 com_github_MitjaNemec_PlaceFootprints.place_footprints 156:Footprint D7 on root level
04-28 14:19:11 com_github_MitjaNemec_PlaceFootprints.place_footprints 156:Footprint D6 on root level
04-28 14:19:11 com_github_MitjaNemec_PlaceFootprints.place_footprints 156:Footprint D5 on root level
04-28 14:19:11 com_github_MitjaNemec_PlaceFootprints.place_footprints 156:Footprint D4 on root level
04-28 14:19:11 com_github_MitjaNemec_PlaceFootprints.place_footprints 156:Footprint D3 on root level
04-28 14:19:11 com_github_MitjaNemec_PlaceFootprints.place_footprints 156:Footprint D2 on root level
04-28 14:19:11 com_github_MitjaNemec_PlaceFootprints.place_footprints 156:Footprint D1 on root level
04-28 14:19:11 com_github_MitjaNemec_PlaceFootprints.action_place_footprints 699:Reference footprint='D1'
04-28 14:19:20 com_github_MitjaNemec_PlaceFootprints.action_place_footprints 840:Reference designator is: D
04-28 14:19:20 com_github_MitjaNemec_PlaceFootprints.action_place_footprints 841:Reference number is: 1
04-28 14:19:20 com_github_MitjaNemec_PlaceFootprints.action_place_footprints 873:Sorted and filtered list:
['D1', 'D2', 'D3', 'D4', 'D5', 'D6', 'D7', 'D8', 'D9', 'D10', 'D11', 'D12', 'D13', 'D14', 'D15', 'D16', 'D17', 'D18', 'D19', 'D20', 'D21', 'D22', 'D23', 'D24', 'D25', 'D26', 'D27', 'D28', 'D29', 'D30', 'D31', 'D32', 'D33', 'D34', 'D35', 'D36', 'D37', 'D38', 'D39', 'D40', 'D41', 'D42', 'D43', 'D44', 'D45', 'D46', 'D47', 'D48', 'D49', 'D50', 'D51', 'D52', 'D53', 'D54', 'D55', 'D56', 'D57', 'D58', 'D59', 'D60', 'D61', 'D62', 'D63', 'D64']
04-28 14:19:20 com_github_MitjaNemec_PlaceFootprints.action_place_footprints 368:wx.Colour(240, 240, 240, 255)
04-28 14:19:53 com_github_MitjaNemec_PlaceFootprints.action_place_footprints 499:'0.95'
04-28 14:19:53 com_github_MitjaNemec_PlaceFootprints.action_place_footprints 558:Preparing config for reference matrix
04-28 14:19:53 com_github_MitjaNemec_PlaceFootprints.action_place_footprints 565:Saving config file
04-28 14:19:53 com_github_MitjaNemec_PlaceFootprints.action_place_footprints 567:Saved the config file
04-28 14:19:53 com_github_MitjaNemec_PlaceFootprints.action_place_footprints 911:Footprints to place:
['D1', 'D2', 'D3', 'D4', 'D5', 'D6', 'D7', 'D8', 'D9', 'D10', 'D11', 'D12', 'D13', 'D14', 'D15', 'D16', 'D17', 'D18', 'D19', 'D20', 'D21', 'D22', 'D23', 'D24', 'D25', 'D26', 'D27', 'D28', 'D29', 'D30', 'D31', 'D32', 'D33', 'D34', 'D35', 'D36', 'D37', 'D38', 'D39', 'D40', 'D41', 'D42', 'D43', 'D44', 'D45', 'D46', 'D47', 'D48', 'D49', 'D50', 'D51', 'D52', 'D53', 'D54', 'D55', 'D56', 'D57', 'D58', 'D59', 'D60', 'D61', 'D62', 'D63', 'D64']
04-28 14:19:53 com_github_MitjaNemec_PlaceFootprints.place_footprints 427:Starting placing with matrix layout
04-28 14:19:53 com_github_MitjaNemec_PlaceFootprints.action_place_footprints 981:Placing complete
